docker : #0 building with 
"desktop-linux" instance 
using docker driver
At line:1 char:1
+ docker build --no-cache 
-f airflow/Dockerfile -t 
custom-airflow airfl ...
+ ~~~~~~~~~~~~~~~~~~~~~~~~~~
~~~~~~~~~~~~~~~~~~~~~~~~~~~~
~~~~~~~~~~~~~~~
    + CategoryInfo          
    : NotSpecified: (#0 bu  
  ilding wit...g docker d   
 river:String) [], Remot    
eException
    + FullyQualifiedErrorId 
    : NativeCommandError
 

#1 [internal] load build 
definition from Dockerfile
#1 transferring dockerfile: 
2.13kB 0.0s done
#1 DONE 0.0s

#2 [internal] load metadata 
for docker.io/apache/airflow
:2.9.3
#2 DONE 0.0s

#3 [internal] load 
.dockerignore
#3 transferring context: 2B 
done
#3 DONE 0.0s

#4 [1/2] FROM docker.io/apac
he/airflow:2.9.3@sha256:0188
b06abb250caccc48bb6d00fde5e7
4a211273f78b0d143bc4d63f2b67
412d
#4 resolve docker.io/apache/
airflow:2.9.3@sha256:0188b06
abb250caccc48bb6d00fde5e74a2
11273f78b0d143bc4d63f2b67412
d
#4 resolve docker.io/apache/
airflow:2.9.3@sha256:0188b06
abb250caccc48bb6d00fde5e74a2
11273f78b0d143bc4d63f2b67412
d 0.0s done
#4 CACHED

#5 [2/2] RUN pip install 
--no-cache-dir     
"dbt-core==1.8.8"     
"dbt-postgres==1.8.8"
#5 2.932 Collecting 
dbt-core==1.8.8
#5 3.169   Downloading dbt_c
ore-1.8.8-py3-none-any.whl.m
etadata (3.9 kB)
#5 3.333 ERROR: Could not 
find a version that 
satisfies the requirement 
dbt-postgres==1.8.8 (from 
versions: 0.13.0a1, 
0.13.0a2, 0.13.0rc1, 
0.13.0, 0.13.1a1, 0.13.1a2, 
0.13.1, 0.14.0a1, 0.14.0a2, 
0.14.0rc1, 0.14.0, 
0.14.1a1, 0.14.1rc1, 
0.14.1rc2, 0.14.1, 0.14.2, 
0.14.3rc1, 0.14.3, 0.14.4, 
0.15.0b1, 0.15.0b2, 
0.15.0b3, 0.15.0rc1, 
0.15.0rc2, 0.15.0, 
0.15.1rc1, 0.15.1rc2, 
0.15.1, 0.15.2, 0.15.3rc1, 
0.15.3, 0.16.0b1, 0.16.0b2, 
0.16.0b3, 0.16.0rc1, 
0.16.0rc2, 0.16.0rc3, 
0.16.0rc4, 0.16.0, 
0.16.1rc1, 0.16.1, 
0.17.0b1, 0.17.0b2, 
0.17.0rc1, 0.17.0rc2, 
0.17.0rc3, 0.17.0rc4, 
0.17.0, 0.17.1rc1, 
0.17.1rc2, 0.17.1rc3, 
0.17.1rc4, 0.17.1, 
0.17.2b1, 0.17.2rc1, 
0.17.2, 0.18.0b1, 0.18.0b2, 
0.18.0rc1, 0.18.0rc2, 
0.18.0, 0.18.1b1, 0.18.1b2, 
0.18.1b3, 0.18.1rc1, 
0.18.1, 0.18.2rc1, 0.18.2, 
0.19.0b1, 0.19.0rc1, 
0.19.0rc2, 0.19.0rc3, 
0.19.0, 0.19.1b2, 
0.19.1rc1, 0.19.1rc2, 
0.19.1, 0.19.2rc1, 
0.19.2rc2, 0.19.2, 
0.20.0b1, 0.20.0rc1, 
0.20.0rc2, 0.20.0, 
0.20.1rc1, 0.20.1, 
0.20.2rc1, 0.20.2rc2, 
0.20.2, 0.21.0b1, 0.21.0b2, 
0.21.0rc1, 0.21.0rc2, 
0.21.0, 0.21.1rc1, 
0.21.1rc2, 0.21.1, 1.0.0b1, 
1.0.0b2, 1.0.0rc1, 
1.0.0rc2, 1.0.0rc3, 1.0.0, 
1.0.1rc1, 1.0.1, 1.0.2rc1, 
1.0.2, 1.0.3, 1.0.4, 
1.0.5rc1, 1.0.5rc2, 
1.0.5rc3, 1.0.5, 1.0.6rc1, 
1.0.6, 1.0.7, 1.0.8, 1.0.9, 
1.1.0b1, 1.1.0rc1, 
1.1.0rc2, 1.1.0rc3, 1.1.0, 
1.1.1rc1, 1.1.1rc2, 1.1.1, 
1.1.2rc1, 1.1.2, 1.1.3, 
1.1.4, 1.1.5, 1.2.0b1, 
1.2.0rc1, 1.2.0rc2, 1.2.0, 
1.2.1rc1, 1.2.1rc2, 1.2.1, 
1.2.2, 1.2.3, 1.2.4, 1.2.5, 
1.2.6, 1.3.0b1, 1.3.0b2, 
1.3.0rc1, 1.3.0rc2, 1.3.0, 
1.3.1, 1.3.2rc1, 1.3.2, 
1.3.3, 1.3.4, 1.3.5, 1.3.6, 
1.3.7, 1.4.0b1, 1.4.0rc1, 
1.4.0rc2, 1.4.0, 1.4.1, 
1.4.2rc1, 1.4.2rc2, 1.4.2, 
1.4.3, 1.4.4, 1.4.5, 1.4.6, 
1.4.7, 1.4.8, 1.4.9, 
1.5.0b1, 1.5.0b2, 1.5.0b3, 
1.5.0b4, 1.5.0b5, 1.5.0rc1, 
1.5.0rc2, 1.5.0, 1.5.1rc1, 
1.5.1rc2, 1.5.1, 1.5.2rc1, 
1.5.2rc2, 1.5.2, 1.5.3, 
1.5.4rc1, 1.5.4, 1.5.5, 
1.5.6, 1.5.7, 1.5.8, 1.5.9, 
1.5.10, 1.5.11, 1.6.0b1, 
1.6.0b2, 1.6.0b3, 1.6.0b4, 
1.6.0b5, 1.6.0b6, 1.6.0b7, 
1.6.0b8, 1.6.0rc1, 
1.6.0rc2, 1.6.0, 1.6.1rc1, 
1.6.1, 1.6.2, 1.6.3, 1.6.4, 
1.6.5, 1.6.6, 1.6.7, 1.6.8, 
1.6.9, 1.6.10, 1.6.11, 
1.6.12, 1.6.13, 1.6.14, 
1.6.15, 1.6.16, 1.6.17, 
1.6.18, 1.7.0b1, 1.7.0b2, 
1.7.0rc1, 1.7.0, 1.7.1, 
1.7.2, 1.7.3, 1.7.4, 1.7.5, 
1.7.6, 1.7.7, 1.7.8, 1.7.9, 
1.7.10, 1.7.11, 1.7.12, 
1.7.13, 1.7.14, 1.7.15, 
1.7.16, 1.7.17, 1.7.18, 
1.7.19, 1.8.0b1, 1.8.0b2, 
1.8.0b4, 1.8.0b5, 1.8.0rc1, 
1.8.0, 1.8.1, 1.8.2, 
1.9.0b1, 1.9.0rc1, 1.9.0, 
1.9.1, 1.10.0b1, 1.10.0b2, 
1.10.0rc1, 1.10.0rc2, 
1.10.0)
#5 3.725 
#5 3.725 [notice] A new 
release of pip is 
available: 24.2 -> 26.0.1
#5 3.725 [notice] To 
update, run: pip install 
--upgrade pip
#5 3.733 ERROR: No matching 
distribution found for 
dbt-postgres==1.8.8
#5 ERROR: process 
"/bin/bash -o pipefail -o 
errexit -o nounset -o nolog 
-c pip install 
--no-cache-dir     
\"dbt-core==1.8.8\"     
\"dbt-postgres==1.8.8\"" 
did not complete 
successfully: exit code: 1
------
 > [2/2] RUN pip install 
--no-cache-dir     
"dbt-core==1.8.8"     
"dbt-postgres==1.8.8":
2.932 Collecting 
dbt-core==1.8.8
3.169   Downloading dbt_core
-1.8.8-py3-none-any.whl.meta
data (3.9 kB)
3.333 ERROR: Could not find 
a version that satisfies 
the requirement 
dbt-postgres==1.8.8 (from 
versions: 0.13.0a1, 
0.13.0a2, 0.13.0rc1, 
0.13.0, 0.13.1a1, 0.13.1a2, 
0.13.1, 0.14.0a1, 0.14.0a2, 
0.14.0rc1, 0.14.0, 
0.14.1a1, 0.14.1rc1, 
0.14.1rc2, 0.14.1, 0.14.2, 
0.14.3rc1, 0.14.3, 0.14.4, 
0.15.0b1, 0.15.0b2, 
0.15.0b3, 0.15.0rc1, 
0.15.0rc2, 0.15.0, 
0.15.1rc1, 0.15.1rc2, 
0.15.1, 0.15.2, 0.15.3rc1, 
0.15.3, 0.16.0b1, 0.16.0b2, 
0.16.0b3, 0.16.0rc1, 
0.16.0rc2, 0.16.0rc3, 
0.16.0rc4, 0.16.0, 
0.16.1rc1, 0.16.1, 
0.17.0b1, 0.17.0b2, 
0.17.0rc1, 0.17.0rc2, 
0.17.0rc3, 0.17.0rc4, 
0.17.0, 0.17.1rc1, 
0.17.1rc2, 0.17.1rc3, 
0.17.1rc4, 0.17.1, 
0.17.2b1, 0.17.2rc1, 
0.17.2, 0.18.0b1, 0.18.0b2, 
0.18.0rc1, 0.18.0rc2, 
0.18.0, 0.18.1b1, 0.18.1b2, 
0.18.1b3, 0.18.1rc1, 
0.18.1, 0.18.2rc1, 0.18.2, 
0.19.0b1, 0.19.0rc1, 
0.19.0rc2, 0.19.0rc3, 
0.19.0, 0.19.1b2, 
0.19.1rc1, 0.19.1rc2, 
0.19.1, 0.19.2rc1, 
0.19.2rc2, 0.19.2, 
0.20.0b1, 0.20.0rc1, 
0.20.0rc2, 0.20.0, 
0.20.1rc1, 0.20.1, 
0.20.2rc1, 0.20.2rc2, 
0.20.2, 0.21.0b1, 0.21.0b2, 
0.21.0rc1, 0.21.0rc2, 
0.21.0, 0.21.1rc1, 
0.21.1rc2, 0.21.1, 1.0.0b1, 
1.0.0b2, 1.0.0rc1, 
1.0.0rc2, 1.0.0rc3, 1.0.0, 
1.0.1rc1, 1.0.1, 1.0.2rc1, 
1.0.2, 1.0.3, 1.0.4, 
1.0.5rc1, 1.0.5rc2, 
1.0.5rc3, 1.0.5, 1.0.6rc1, 
1.0.6, 1.0.7, 1.0.8, 1.0.9, 
1.1.0b1, 1.1.0rc1, 
1.1.0rc2, 1.1.0rc3, 1.1.0, 
1.1.1rc1, 1.1.1rc2, 1.1.1, 
1.1.2rc1, 1.1.2, 1.1.3, 
1.1.4, 1.1.5, 1.2.0b1, 
1.2.0rc1, 1.2.0rc2, 1.2.0, 
1.2.1rc1, 1.2.1rc2, 1.2.1, 
1.2.2, 1.2.3, 1.2.4, 1.2.5, 
1.2.6, 1.3.0b1, 1.3.0b2, 
1.3.0rc1, 1.3.0rc2, 1.3.0, 
1.3.1, 1.3.2rc1, 1.3.2, 
1.3.3, 1.3.4, 1.3.5, 1.3.6, 
1.3.7, 1.4.0b1, 1.4.0rc1, 
1.4.0rc2, 1.4.0, 1.4.1, 
1.4.2rc1, 1.4.2rc2, 1.4.2, 
1.4.3, 1.4.4, 1.4.5, 1.4.6, 
1.4.7, 1.4.8, 1.4.9, 
1.5.0b1, 1.5.0b2, 1.5.0b3, 
1.5.0b4, 1.5.0b5, 1.5.0rc1, 
1.5.0rc2, 1.5.0, 1.5.1rc1, 
1.5.1rc2, 1.5.1, 1.5.2rc1, 
1.5.2rc2, 1.5.2, 1.5.3, 
1.5.4rc1, 1.5.4, 1.5.5, 
1.5.6, 1.5.7, 1.5.8, 1.5.9, 
1.5.10, 1.5.11, 1.6.0b1, 
1.6.0b2, 1.6.0b3, 1.6.0b4, 
1.6.0b5, 1.6.0b6, 1.6.0b7, 
1.6.0b8, 1.6.0rc1, 
1.6.0rc2, 1.6.0, 1.6.1rc1, 
1.6.1, 1.6.2, 1.6.3, 1.6.4, 
1.6.5, 1.6.6, 1.6.7, 1.6.8, 
1.6.9, 1.6.10, 1.6.11, 
1.6.12, 1.6.13, 1.6.14, 
1.6.15, 1.6.16, 1.6.17, 
1.6.18, 1.7.0b1, 1.7.0b2, 
1.7.0rc1, 1.7.0, 1.7.1, 
1.7.2, 1.7.3, 1.7.4, 1.7.5, 
1.7.6, 1.7.7, 1.7.8, 1.7.9, 
1.7.10, 1.7.11, 1.7.12, 
1.7.13, 1.7.14, 1.7.15, 
1.7.16, 1.7.17, 1.7.18, 
1.7.19, 1.8.0b1, 1.8.0b2, 
1.8.0b4, 1.8.0b5, 1.8.0rc1, 
1.8.0, 1.8.1, 1.8.2, 
1.9.0b1, 1.9.0rc1, 1.9.0, 
1.9.1, 1.10.0b1, 1.10.0b2, 
1.10.0rc1, 1.10.0rc2, 
1.10.0)
3.725 
3.725 [notice] A new 
release of pip is 
available: 24.2 -> 26.0.1
3.725 [notice] To update, 
run: pip install --upgrade 
pip
3.733 ERROR: No matching 
distribution found for 
dbt-postgres==1.8.8
------
Dockerfile:38
--------------------
  37 |     # dbt project 
cß╗ºa bß║ín (models SQL) 
ho├án to├án chß║íy ─æ╞░ß╗úc 
tr├¬n 1.8.8.
  38 | >>> RUN pip install 
--no-cache-dir \
  39 | >>>     
"dbt-core==1.8.8" \
  40 | >>>     
"dbt-postgres==1.8.8"
  41 |     
--------------------
ERROR: failed to build: 
failed to solve: process 
"/bin/bash -o pipefail -o 
errexit -o nounset -o nolog 
-c pip install 
--no-cache-dir     
\"dbt-core==1.8.8\"     
\"dbt-postgres==1.8.8\"" 
did not complete 
successfully: exit code: 1
